<?xml version="1.0" encoding="utf-8"?><testsuites name="pytest tests"><testsuite name="pytest" errors="0" failures="0" skipped="0" tests="9" time="2.252" timestamp="2026-09-04T11:58:27.269288+00:00" hostname="agent-env-689d8885-d9e6-426b-add5-9720734155ea"><testcase classname="tests.test_bugfixes_iteration1.TestBugFixes" name="test_00_clear_and_upload" time="0.672" /><testcase classname="tests.test_bugfixes_iteration1.TestBugFixes" name="test_01_mttd_replaces_mtta" time="0.198" /><testcase classname="tests.test_bugfixes_iteration1.TestBugFixes" name="test_02_detection_coverage_not_null_exec" time="0.146" /><testcase classname="tests.test_bugfixes_iteration1.TestBugFixes" name="test_02b_detection_coverage_not_null_deteng" time="0.144" /><testcase classname="tests.test_bugfixes_iteration1.TestBugFixes" name="test_03_mitre_hits_dynamic" time="0.123" /><testcase classname="tests.test_bugfixes_iteration1.TestBugFixes" name="test_04_severity_critical_and_high" time="0.136" /><testcase classname="tests.test_bugfixes_iteration1.TestBugFixes" name="test_05_mttr_not_inflated" time="0.139" /><testcase classname="tests.test_bugfixes_iteration1.TestBugFixes" name="test_06_live_different_upload" time="0.486" /><testcase classname="tests.test_bugfixes_iteration1.TestBugFixes" name="test_99_cleanup" time="0.136" /></testsuite></testsuites>