<?xml version="1.0" encoding="utf-8"?><testsuites name="pytest tests"><testsuite name="pytest" errors="0" failures="0" skipped="0" tests="5" time="2.642" timestamp="2026-09-04T12:42:09.415926+00:00" hostname="agent-env-689d8885-d9e6-426b-add5-9720734155ea"><testcase classname="tests.test_dup_column_fix.TestDuplicateColumnFix" name="test_01_upload_dup_columns_binds_all_rows" time="1.044" /><testcase classname="tests.test_dup_column_fix.TestDuplicateColumnFix" name="test_02_soc_manager_live_after_dup_upload" time="0.243" /><testcase classname="tests.test_dup_column_fix.TestDuplicateColumnFix" name="test_03_regression_normal_csv_still_binds" time="0.455" /><testcase classname="tests.test_dup_column_fix.TestDuplicateColumnFix" name="test_04_pptx_export_still_valid" time="0.688" /><testcase classname="tests.test_dup_column_fix.TestDuplicateColumnFix" name="test_99_cleanup" time="0.152" /></testsuite></testsuites>