<?xml version="1.0" encoding="utf-8"?><testsuites name="pytest tests"><testsuite name="pytest" errors="0" failures="0" skipped="0" tests="4" time="4.485" timestamp="2026-09-05T10:34:49.556548+00:00" hostname="agent-env-689d8885-d9e6-426b-add5-9720734155ea"><testcase classname="tests.test_fp_tp_classification" name="test_tenant_all_fp_rate_is_14_4" time="2.297" /><testcase classname="tests.test_fp_tp_classification" name="test_soc_manager_fp_tp_variant_counts" time="0.111" /><testcase classname="tests.test_fp_tp_classification" name="test_tenant_all_untouched" time="1.928" /><testcase classname="tests.test_fp_tp_classification" name="test_detection_engineering_rule_fp_rate" time="0.091" /></testsuite></testsuites>