<?xml version="1.0" encoding="utf-8"?><testsuites name="pytest tests"><testsuite name="pytest" errors="0" failures="0" skipped="0" tests="5" time="72.560" timestamp="2026-09-05T14:24:34.539245+00:00" hostname="agent-env-58e13d00-b716-4bcb-be22-13997e5c47ca"><testcase classname="tests.test_bugs_iter8" name="test_pptx_export" time="23.149" /><testcase classname="tests.test_bugs_iter8" name="test_executive_endpoint" time="3.049" /><testcase classname="tests.test_bugs_iter8" name="test_soc_manager" time="2.051" /><testcase classname="tests.test_bugs_iter8" name="test_detection_engineering" time="0.257" /><testcase classname="tests.test_bugs_iter8" name="test_iris_chat" time="43.722" /></testsuite></testsuites>