<?xml version="1.0" encoding="utf-8"?><testsuites name="pytest tests"><testsuite name="pytest" errors="0" failures="0" skipped="0" tests="7" time="67.208" timestamp="2026-09-05T14:48:57.586896+00:00" hostname="agent-env-58e13d00-b716-4bcb-be22-13997e5c47ca"><testcase classname="tests.test_bugs_iter9" name="test_pptx_has_8_slides" time="22.923" /><testcase classname="tests.test_bugs_iter9" name="test_pptx_page3_log_sources" time="0.072" /><testcase classname="tests.test_bugs_iter9" name="test_pptx_page4_integrated_and_mttr" time="0.078" /><testcase classname="tests.test_bugs_iter9" name="test_pptx_page8_mitre_chart" time="0.059" /><testcase classname="tests.test_bugs_iter9" name="test_log_sources_summary_api" time="0.168" /><testcase classname="tests.test_bugs_iter9" name="test_executive_regression" time="3.038" /><testcase classname="tests.test_bugs_iter9" name="test_iris_chat_regression" time="40.751" /></testsuite></testsuites>