<?xml version="1.0" encoding="utf-8"?><testsuites name="pytest tests"><testsuite name="pytest" errors="0" failures="0" skipped="0" tests="6" time="32.089" timestamp="2026-09-04T12:32:18.427233+00:00" hostname="agent-env-689d8885-d9e6-426b-add5-9720734155ea"><testcase classname="tests.test_qbr_pptx" name="test_pptx_no_data_still_valid" time="30.854" /><testcase classname="tests.test_qbr_pptx" name="test_upload_xsoar_sample" time="0.192" /><testcase classname="tests.test_qbr_pptx" name="test_pptx_quarterly_structure_and_content" time="0.258" /><testcase classname="tests.test_qbr_pptx" name="test_pptx_other_periods[monthly]" time="0.287" /><testcase classname="tests.test_qbr_pptx" name="test_pptx_other_periods[weekly]" time="0.245" /><testcase classname="tests.test_qbr_pptx" name="test_cleanup_uploaded_data" time="0.139" /></testsuite></testsuites>