<?xml version="1.0" encoding="utf-8"?><testsuites name="pytest tests"><testsuite name="pytest" errors="0" failures="0" skipped="0" tests="11" time="130.123" timestamp="2026-09-04T13:08:33.530974+00:00" hostname="agent-env-689d8885-d9e6-426b-add5-9720734155ea"><testcase classname="tests.test_qbr_pptx_template" name="test_template_file_present" time="0.000" /><testcase classname="tests.test_qbr_pptx_template" name="test_all_tenant_pptx_status_and_slide_count" time="13.812" /><testcase classname="tests.test_qbr_pptx_template" name="test_all_tenant_no_cil_coromandel_rebranding" time="13.371" /><testcase classname="tests.test_qbr_pptx_template" name="test_all_tenant_cover_and_deloitte_branding" time="14.068" /><testcase classname="tests.test_qbr_pptx_template" name="test_all_tenant_executive_overview_live_values" time="13.527" /><testcase classname="tests.test_qbr_pptx_template" name="test_all_tenant_log_sources_headline_and_clean_names" time="13.088" /><testcase classname="tests.test_qbr_pptx_template" name="test_all_tenant_alert_volume_slide" time="13.374" /><testcase classname="tests.test_qbr_pptx_template" name="test_all_tenant_mitre_slide_blank_when_no_tactics" time="13.399" /><testcase classname="tests.test_qbr_pptx_template" name="test_all_tenant_other_periods[monthly]" time="13.516" /><testcase classname="tests.test_qbr_pptx_template" name="test_all_tenant_other_periods[weekly]" time="13.418" /><testcase classname="tests.test_qbr_pptx_template" name="test_acme_upload_and_pptx_has_mitre_and_sources" time="8.417" /></testsuite></testsuites>